<?xml version="1.0" encoding="UTF-8"?>
<!-- Generated by org.testng.reporters.JUnitXMLReporter -->
<testsuite ignored="0" hostname="LAPTOP-AFF6VUQA" failures="1" tests="29" name="URL Testing" time="22.768" errors="0" timestamp="2026-09-07T09:59:36 IST">
  <testcase classname="Vinominds.SelinumProject.TestNG" name="launch" time="1.896"/>
  <testcase classname="Vinominds.SelinumProject.Parallel_view_TG" name="sauceDemoURL" time="2.202"/>
  <testcase classname="Vinominds.SelinumProject.TestNG" name="login" time="0.022"/>
  <testcase classname="Vinominds.SelinumProject.LabtestNG" name="launch" time="5.208"/>
  <testcase classname="Vinominds.SelinumProject.Parallel_view_TG" name="flipkartURL" time="3.336"/>
  <testcase classname="Vinominds.SelinumProject.TestNG" name="validUsername" time="0.0"/>
  <testcase classname="Vinominds.SelinumProject.Parallel_view_TG" name="redbusURL" time="2.159"/>
  <testcase classname="Vinominds.SelinumProject.TestNG" name="validPassword" time="0.005"/>
  <testcase classname="Vinominds.SelinumProject.TestNG" name="exit" time="1.418"/>
  <testcase classname="Vinominds.SelinumProject.Parallel_view_TG" name="automationPracticeURL" time="7.395"/>
  <testcase classname="Vinominds.SelinumProject.TestNG" name="login1" time="0.029">
    <failure type="org.openqa.selenium.NoSuchSessionException" message="Session ID is null. Using WebDriver after calling quit()?
Build info: version: &amp;apos;4.48.0&amp;apos;, revision: &amp;apos;27f5213 27f5213055e28398a5105b7892b7a3bb2012a6ef&amp;apos;
System info: os.name: &amp;apos;Windows 11&amp;apos;, os.arch: &amp;apos;amd64&amp;apos;, os.version: &amp;apos;10.0&amp;apos;, java.version: &amp;apos;21.0.11&amp;apos;
Driver info: org.openqa.selenium.chrome.ChromeDriver
Command: [null, getTitle {}]
Capabilities {acceptInsecureCerts: false, browserName: chrome, browserVersion: 152.0.7977.82, chrome: {chromedriverVersion: 152.0.7977.82 (d04cdb24d67b..., userDataDir: C:\Users\NISHAN~1\AppData\L...}, fedcm:accounts: true, goog:chromeOptions: {debuggerAddress: localhost:51477}, goog:processID: 632, networkConnectionEnabled: false, pageLoadStrategy: normal, platformName: windows, proxy: Proxy(), se:cdp: ws://localhost:51477/devtoo..., se:cdpVersion: 152.0.7977.82, setWindowRect: true, strictFileInteractability: false, timeouts: {implicit: 0, pageLoad: 300000, script: 30000}, unhandledPromptBehavior: dismiss and notify, webauthn:extension:credBlob: true, webauthn:extension:largeBlob: true, webauthn:extension:minPinLength: true, webauthn:extension:prf: true, webauthn:virtualAuthenticators: true}">
      <![CDATA[org.openqa.selenium.NoSuchSessionException: Session ID is null. Using WebDriver after calling quit()?
Build info: version: '4.48.0', revision: '27f5213 27f5213055e28398a5105b7892b7a3bb2012a6ef'
System info: os.name: 'Windows 11', os.arch: 'amd64', os.version: '10.0', java.version: '21.0.11'
Driver info: org.openqa.selenium.chrome.ChromeDriver
Command: [null, getTitle {}]
Capabilities {acceptInsecureCerts: false, browserName: chrome, browserVersion: 152.0.7977.82, chrome: {chromedriverVersion: 152.0.7977.82 (d04cdb24d67b..., userDataDir: C:\Users\NISHAN~1\AppData\L...}, fedcm:accounts: true, goog:chromeOptions: {debuggerAddress: localhost:51477}, goog:processID: 632, networkConnectionEnabled: false, pageLoadStrategy: normal, platformName: windows, proxy: Proxy(), se:cdp: ws://localhost:51477/devtoo..., se:cdpVersion: 152.0.7977.82, setWindowRect: true, strictFileInteractability: false, timeouts: {implicit: 0, pageLoad: 300000, script: 30000}, unhandledPromptBehavior: dismiss and notify, webauthn:extension:credBlob: true, webauthn:extension:largeBlob: true, webauthn:extension:minPinLength: true, webauthn:extension:prf: true, webauthn:virtualAuthenticators: true}
at org.openqa.selenium.remote.HttpCommandExecutor.execute(HttpCommandExecutor.java:161)
at org.openqa.selenium.remote.service.DriverCommandExecutor.invokeExecute(DriverCommandExecutor.java:217)
at org.openqa.selenium.remote.service.DriverCommandExecutor.execute(DriverCommandExecutor.java:175)
at org.openqa.selenium.remote.RemoteWebDriver.execute(RemoteWebDriver.java:653)
at org.openqa.selenium.remote.RemoteWebDriver.execute(RemoteWebDriver.java:735)
at org.openqa.selenium.remote.RemoteWebDriver.execute(RemoteWebDriver.java:739)
at org.openqa.selenium.remote.RemoteWebDriver.getTitle(RemoteWebDriver.java:367)
at Vinominds.SelinumProject.TestNG.login1(TestNG.java:64)
at java.base/java.util.concurrent.Executors$RunnableAdapter.call(Executors.java:572)
at java.base/java.util.concurrent.FutureTask.run(FutureTask.java:317)
at java.base/java.util.concurrent.ThreadPoolExecutor.runWorker(ThreadPoolExecutor.java:1144)
at java.base/java.util.concurrent.ThreadPoolExecutor$Worker.run(ThreadPoolExecutor.java:642)
at java.base/java.lang.Thread.run(Thread.java:1583)
... Removed 11 stack frames]]>
    </failure>
  </testcase> <!-- login1 -->
  <testcase classname="Vinominds.SelinumProject.TestNG" name="validUsername1" time="0.004"/>
  <testcase classname="Vinominds.SelinumProject.TestNG" name="validPassword1" time="0.003"/>
  <testcase classname="Vinominds.SelinumProject.TestNG" name="exit1" time="0.003"/>
  <testcase classname="Vinominds.SelinumProject.TestNG" name="launch2" time="2.418"/>
  <testcase classname="Vinominds.SelinumProject.TestNG" name="login2" time="0.054"/>
  <testcase classname="Vinominds.SelinumProject.TestNG" name="validUsername2" time="0.002"/>
  <testcase classname="Vinominds.SelinumProject.TestNG" name="validPassword2" time="0.005"/>
  <testcase classname="Vinominds.SelinumProject.TestNG" name="exit2" time="0.793"/>
  <testcase classname="Vinominds.SelinumProject.LabtestNG" name="login" time="7.915"/>
  <testcase classname="Vinominds.SelinumProject.TestNG" name="launch3" time="1.645"/>
  <testcase classname="Vinominds.SelinumProject.TestNG" name="launch1" time="5.25"/>
  <testcase classname="Vinominds.SelinumProject.TestNG" name="login3" time="0.015"/>
  <testcase classname="Vinominds.SelinumProject.TestNG" name="validUsername3" time="0.0"/>
  <testcase classname="Vinominds.SelinumProject.TestNG" name="validPassword3" time="0.002"/>
  <testcase classname="Vinominds.SelinumProject.LabtestNG" name="validUsername" time="2.004"/>
  <testcase classname="Vinominds.SelinumProject.TestNG" name="exit3" time="1.843"/>
  <testcase classname="Vinominds.SelinumProject.LabtestNG" name="validPassword" time="2.011"/>
  <testcase classname="Vinominds.SelinumProject.LabtestNG" name="exit" time="6.422"/>
</testsuite> <!-- URL Testing -->
