<?xml version="1.0" encoding="UTF-8"?>
<!-- Generated by org.testng.reporters.JUnitXMLReporter -->
<testsuite ignored="3" hostname="LAPTOP-AFF6VUQA" failures="0" tests="1" name="Sanity Tests" time="1.858" errors="0" timestamp="2026-08-25T17:23:12 IST">
  <testcase classname="Vinominds.SelinumProject.S2_grouping" name="invalidLoginTest" time="0.208"/>
  <testcase classname="Vinominds.SelinumProject.S2_grouping" name="emptyUsernameTest" time="0.0">
    <ignored/>
  </testcase> <!-- emptyUsernameTest -->
  <testcase classname="Vinominds.SelinumProject.S2_grouping" name="pongalTest" time="0.0">
    <ignored/>
  </testcase> <!-- pongalTest -->
  <testcase classname="Vinominds.SelinumProject.S2_grouping" name="validLoginTest" time="0.0">
    <ignored/>
  </testcase> <!-- validLoginTest -->
</testsuite> <!-- Sanity Tests -->
