<?xml version="1.0" encoding="UTF-8"?>
<!-- Generated by org.testng.reporters.JUnitXMLReporter -->
<testsuite ignored="0" hostname="LAPTOP-AFF6VUQA" failures="0" tests="7" name="Form" time="104.029" errors="0" timestamp="2026-08-10T19:15:12 IST">
  <testcase classname="Vinominds.SelinumProject.TG_2_Dataentry" name="FillDataEntryForm" time="8.747"/>
  <testcase classname="Vinominds.SelinumProject.AllBA_TG1" name="standardUser" time="14.725"/>
  <testcase classname="Vinominds.SelinumProject.AllBA_TG1" name="lockedOutUser" time="2.36"/>
  <testcase classname="Vinominds.SelinumProject.AllBA_TG1" name="problemUser" time="14.55"/>
  <testcase classname="Vinominds.SelinumProject.AllBA_TG1" name="performanceGlitchUser" time="19.453"/>
  <testcase classname="Vinominds.SelinumProject.AllBA_TG1" name="errorUser" time="6.469"/>
  <testcase classname="Vinominds.SelinumProject.AllBA_TG1" name="visualUser" time="14.453"/>
</testsuite> <!-- Form -->
