<?xml version="1.0" encoding="UTF-8"?>
<!-- Generated by org.testng.reporters.JUnitXMLReporter -->
<testsuite ignored="0" hostname="LAPTOP-AFF6VUQA" failures="0" tests="7" name="FormTest" time="356.549" errors="0" timestamp="2026-09-08T09:48:55 IST">
  <testcase classname="Vinominds.SelinumProject.TG_2_Dataentry" name="FillDataEntryForm" time="7.915"/>
  <testcase classname="Vinominds.SelinumProject.AllBA_TG1" name="standardUser" time="64.977"/>
  <testcase classname="Vinominds.SelinumProject.AllBA_TG1" name="lockedOutUser" time="2.316"/>
  <testcase classname="Vinominds.SelinumProject.AllBA_TG1" name="problemUser" time="64.467"/>
  <testcase classname="Vinominds.SelinumProject.AllBA_TG1" name="performanceGlitchUser" time="69.497"/>
  <testcase classname="Vinominds.SelinumProject.AllBA_TG1" name="errorUser" time="64.446"/>
  <testcase classname="Vinominds.SelinumProject.AllBA_TG1" name="visualUser" time="64.474"/>
</testsuite> <!-- FormTest -->
