<?xml version="1.0" encoding="UTF-8"?>
<!-- Generated by org.testng.reporters.JUnitXMLReporter -->
<testsuite ignored="0" hostname="LAPTOP-AFF6VUQA" failures="0" tests="6" name="Smoke Sanity Regression" time="0.013" errors="0" timestamp="2026-09-08T09:48:55 IST">
  <testcase classname="Vinominds.SelinumProject.S1_Grouping" name="loginTest" time="0.0"/>
  <testcase classname="Vinominds.SelinumProject.S1_Grouping" name="logoutTest" time="0.0"/>
  <testcase classname="Vinominds.SelinumProject.S1_Grouping" name="paymentTest" time="0.0"/>
  <testcase classname="Vinominds.SelinumProject.S1_Grouping" name="productTest" time="0.001"/>
  <testcase classname="Vinominds.SelinumProject.S1_Grouping" name="refundTest" time="0.0"/>
  <testcase classname="Vinominds.SelinumProject.S1_Grouping" name="searchTest" time="0.001"/>
</testsuite> <!-- Smoke Sanity Regression -->
