<?xml version="1.0" encoding="UTF-8"?>
<testng-results ignored="0" total="6" passed="6" failed="0" skipped="0">
  <reporter-output>
  </reporter-output>
  <suite started-at="2026-09-07T10:03:08 IST" name="Testing Suite" finished-at="2026-09-07T10:03:08 IST" duration-ms="91">
    <groups>
      <group name="regression">
        <method signature="S1_Grouping.paymentTest()[pri:0, instance:Vinominds.SelinumProject.S1_Grouping@206a70ef]" name="paymentTest" class="Vinominds.SelinumProject.S1_Grouping"/>
        <method signature="S1_Grouping.refundTest()[pri:0, instance:Vinominds.SelinumProject.S1_Grouping@206a70ef]" name="refundTest" class="Vinominds.SelinumProject.S1_Grouping"/>
      </group> <!-- regression -->
      <group name="smoke">
        <method signature="S1_Grouping.loginTest()[pri:0, instance:Vinominds.SelinumProject.S1_Grouping@206a70ef]" name="loginTest" class="Vinominds.SelinumProject.S1_Grouping"/>
        <method signature="S1_Grouping.logoutTest()[pri:0, instance:Vinominds.SelinumProject.S1_Grouping@206a70ef]" name="logoutTest" class="Vinominds.SelinumProject.S1_Grouping"/>
      </group> <!-- smoke -->
      <group name="sanity">
        <method signature="S1_Grouping.productTest()[pri:0, instance:Vinominds.SelinumProject.S1_Grouping@206a70ef]" name="productTest" class="Vinominds.SelinumProject.S1_Grouping"/>
        <method signature="S1_Grouping.searchTest()[pri:0, instance:Vinominds.SelinumProject.S1_Grouping@206a70ef]" name="searchTest" class="Vinominds.SelinumProject.S1_Grouping"/>
      </group> <!-- sanity -->
    </groups>
    <test started-at="2026-09-07T10:03:08 IST" name="Smoke Sanity Regression" finished-at="2026-09-07T10:03:08 IST" duration-ms="91">
      <class name="Vinominds.SelinumProject.S1_Grouping">
        <test-method is-config="true" signature="beforeMethod()[pri:0, instance:Vinominds.SelinumProject.S1_Grouping@206a70ef]" started-at="2026-09-07T10:03:08 IST" name="beforeMethod" finished-at="2026-09-07T10:03:08 IST" duration-ms="7" status="PASS">
          <reporter-output>
          </reporter-output>
        </test-method> <!-- beforeMethod -->
        <test-method signature="loginTest()[pri:0, instance:Vinominds.SelinumProject.S1_Grouping@206a70ef]" started-at="2026-09-07T10:03:08 IST" name="loginTest" finished-at="2026-09-07T10:03:08 IST" duration-ms="7" status="PASS">
          <reporter-output>
          </reporter-output>
        </test-method> <!-- loginTest -->
        <test-method is-config="true" signature="afterMethod()[pri:0, instance:Vinominds.SelinumProject.S1_Grouping@206a70ef]" started-at="2026-09-07T10:03:08 IST" name="afterMethod" finished-at="2026-09-07T10:03:08 IST" duration-ms="0" status="PASS">
          <reporter-output>
          </reporter-output>
        </test-method> <!-- afterMethod -->
        <test-method is-config="true" signature="beforeMethod()[pri:0, instance:Vinominds.SelinumProject.S1_Grouping@206a70ef]" started-at="2026-09-07T10:03:08 IST" name="beforeMethod" finished-at="2026-09-07T10:03:08 IST" duration-ms="2" status="PASS">
          <reporter-output>
          </reporter-output>
        </test-method> <!-- beforeMethod -->
        <test-method signature="logoutTest()[pri:0, instance:Vinominds.SelinumProject.S1_Grouping@206a70ef]" started-at="2026-09-07T10:03:08 IST" name="logoutTest" finished-at="2026-09-07T10:03:08 IST" duration-ms="3" status="PASS">
          <reporter-output>
          </reporter-output>
        </test-method> <!-- logoutTest -->
        <test-method is-config="true" signature="afterMethod()[pri:0, instance:Vinominds.SelinumProject.S1_Grouping@206a70ef]" started-at="2026-09-07T10:03:08 IST" name="afterMethod" finished-at="2026-09-07T10:03:08 IST" duration-ms="1" status="PASS">
          <reporter-output>
          </reporter-output>
        </test-method> <!-- afterMethod -->
        <test-method signature="paymentTest()[pri:0, instance:Vinominds.SelinumProject.S1_Grouping@206a70ef]" started-at="2026-09-07T10:03:08 IST" name="paymentTest" finished-at="2026-09-07T10:03:08 IST" duration-ms="2" status="PASS">
          <reporter-output>
          </reporter-output>
        </test-method> <!-- paymentTest -->
        <test-method is-config="true" signature="beforeMethod()[pri:0, instance:Vinominds.SelinumProject.S1_Grouping@206a70ef]" started-at="2026-09-07T10:03:08 IST" name="beforeMethod" finished-at="2026-09-07T10:03:08 IST" duration-ms="0" status="PASS">
          <reporter-output>
          </reporter-output>
        </test-method> <!-- beforeMethod -->
        <test-method is-config="true" signature="afterMethod()[pri:0, instance:Vinominds.SelinumProject.S1_Grouping@206a70ef]" started-at="2026-09-07T10:03:08 IST" name="afterMethod" finished-at="2026-09-07T10:03:08 IST" duration-ms="1" status="PASS">
          <reporter-output>
          </reporter-output>
        </test-method> <!-- afterMethod -->
        <test-method is-config="true" signature="beforeMethod()[pri:0, instance:Vinominds.SelinumProject.S1_Grouping@206a70ef]" started-at="2026-09-07T10:03:08 IST" name="beforeMethod" finished-at="2026-09-07T10:03:08 IST" duration-ms="1" status="PASS">
          <reporter-output>
          </reporter-output>
        </test-method> <!-- beforeMethod -->
        <test-method signature="productTest()[pri:0, instance:Vinominds.SelinumProject.S1_Grouping@206a70ef]" started-at="2026-09-07T10:03:08 IST" name="productTest" finished-at="2026-09-07T10:03:08 IST" duration-ms="2" status="PASS">
          <reporter-output>
          </reporter-output>
        </test-method> <!-- productTest -->
        <test-method is-config="true" signature="afterMethod()[pri:0, instance:Vinominds.SelinumProject.S1_Grouping@206a70ef]" started-at="2026-09-07T10:03:08 IST" name="afterMethod" finished-at="2026-09-07T10:03:08 IST" duration-ms="2" status="PASS">
          <reporter-output>
          </reporter-output>
        </test-method> <!-- afterMethod -->
        <test-method is-config="true" signature="beforeMethod()[pri:0, instance:Vinominds.SelinumProject.S1_Grouping@206a70ef]" started-at="2026-09-07T10:03:08 IST" name="beforeMethod" finished-at="2026-09-07T10:03:08 IST" duration-ms="1" status="PASS">
          <reporter-output>
          </reporter-output>
        </test-method> <!-- beforeMethod -->
        <test-method signature="refundTest()[pri:0, instance:Vinominds.SelinumProject.S1_Grouping@206a70ef]" started-at="2026-09-07T10:03:08 IST" name="refundTest" finished-at="2026-09-07T10:03:08 IST" duration-ms="1" status="PASS">
          <reporter-output>
          </reporter-output>
        </test-method> <!-- refundTest -->
        <test-method is-config="true" signature="afterMethod()[pri:0, instance:Vinominds.SelinumProject.S1_Grouping@206a70ef]" started-at="2026-09-07T10:03:08 IST" name="afterMethod" finished-at="2026-09-07T10:03:08 IST" duration-ms="0" status="PASS">
          <reporter-output>
          </reporter-output>
        </test-method> <!-- afterMethod -->
        <test-method signature="searchTest()[pri:0, instance:Vinominds.SelinumProject.S1_Grouping@206a70ef]" started-at="2026-09-07T10:03:08 IST" name="searchTest" finished-at="2026-09-07T10:03:08 IST" duration-ms="1" status="PASS">
          <reporter-output>
          </reporter-output>
        </test-method> <!-- searchTest -->
        <test-method is-config="true" signature="beforeMethod()[pri:0, instance:Vinominds.SelinumProject.S1_Grouping@206a70ef]" started-at="2026-09-07T10:03:08 IST" name="beforeMethod" finished-at="2026-09-07T10:03:08 IST" duration-ms="0" status="PASS">
          <reporter-output>
          </reporter-output>
        </test-method> <!-- beforeMethod -->
        <test-method is-config="true" signature="afterMethod()[pri:0, instance:Vinominds.SelinumProject.S1_Grouping@206a70ef]" started-at="2026-09-07T10:03:08 IST" name="afterMethod" finished-at="2026-09-07T10:03:08 IST" duration-ms="0" status="PASS">
          <reporter-output>
          </reporter-output>
        </test-method> <!-- afterMethod -->
      </class> <!-- Vinominds.SelinumProject.S1_Grouping -->
    </test> <!-- Smoke Sanity Regression -->
  </suite> <!-- Testing Suite -->
</testng-results>
