<?xml version="1.0" encoding="UTF-8"?>
<testng-results ignored="0" total="1" passed="1" failed="0" skipped="0">
  <reporter-output>
  </reporter-output>
  <suite started-at="2026-09-08T13:03:50 IST" name="Default suite" finished-at="2026-09-08T13:03:57 IST" duration-ms="6454">
    <groups>
    </groups>
    <test started-at="2026-09-08T13:03:50 IST" name="Default test" finished-at="2026-09-08T13:03:57 IST" duration-ms="6454">
      <class name="Vinominds.SelinumProject.Multiple_Window">
        <test-method is-config="true" signature="setup()[pri:0, instance:Vinominds.SelinumProject.Multiple_Window@75d4a5c2]" started-at="2026-09-08T13:03:50 IST" name="setup" finished-at="2026-09-08T13:03:54 IST" duration-ms="3956" status="PASS">
          <reporter-output>
          </reporter-output>
        </test-method> <!-- setup -->
        <test-method signature="multipleWindow()[pri:0, instance:Vinominds.SelinumProject.Multiple_Window@75d4a5c2]" started-at="2026-09-08T13:03:54 IST" name="multipleWindow" finished-at="2026-09-08T13:03:56 IST" duration-ms="2219" status="PASS">
          <reporter-output>
          </reporter-output>
        </test-method> <!-- multipleWindow -->
        <test-method is-config="true" signature="tearDown()[pri:0, instance:Vinominds.SelinumProject.Multiple_Window@75d4a5c2]" started-at="2026-09-08T13:03:56 IST" name="tearDown" finished-at="2026-09-08T13:03:57 IST" duration-ms="238" status="PASS">
          <reporter-output>
          </reporter-output>
        </test-method> <!-- tearDown -->
      </class> <!-- Vinominds.SelinumProject.Multiple_Window -->
    </test> <!-- Default test -->
  </suite> <!-- Default suite -->
</testng-results>
