<?xml version="1.0" encoding="UTF-8"?>
<!-- Generated by org.testng.reporters.JUnitXMLReporter -->
<testsuite ignored="0" hostname="LAPTOP-AFF6VUQA" failures="0" tests="7" name="FormTest" time="100.271" errors="0" timestamp="2026-09-02T20:36:21 IST">
  <testcase classname="Vinominds.SelinumProject.TG_2_Dataentry" name="FillDataEntryForm" time="7.813"/>
  <testcase classname="Vinominds.SelinumProject.AllBA_TG1" name="standardUser" time="14.926"/>
  <testcase classname="Vinominds.SelinumProject.AllBA_TG1" name="lockedOutUser" time="2.361"/>
  <testcase classname="Vinominds.SelinumProject.AllBA_TG1" name="problemUser" time="14.575"/>
  <testcase classname="Vinominds.SelinumProject.AllBA_TG1" name="performanceGlitchUser" time="11.559"/>
  <testcase classname="Vinominds.SelinumProject.AllBA_TG1" name="errorUser" time="14.579"/>
  <testcase classname="Vinominds.SelinumProject.AllBA_TG1" name="visualUser" time="14.525"/>
</testsuite> <!-- FormTest -->
