<?xml version="1.0" encoding="UTF-8"?>
<!-- Generated by org.testng.reporters.JUnitReportReporter -->
<testsuite hostname="LAPTOP-AFF6VUQA" failures="0" tests="20" name="Vinominds.SelinumProject.TestNG" time="15.407" errors="1" timestamp="2026-09-07T09:59:36 IST" skipped="0">
  <testcase classname="Vinominds.SelinumProject.TestNG" name="launch" time="1.896"/>
  <testcase classname="Vinominds.SelinumProject.TestNG" name="login" time="0.022"/>
  <testcase classname="Vinominds.SelinumProject.TestNG" name="validUsername" time="0.000"/>
  <testcase classname="Vinominds.SelinumProject.TestNG" name="validPassword" time="0.005"/>
  <testcase classname="Vinominds.SelinumProject.TestNG" name="exit" time="1.418"/>
  <testcase classname="Vinominds.SelinumProject.TestNG" name="launch1" time="5.250"/>
  <testcase classname="Vinominds.SelinumProject.TestNG" name="login1" time="0.029">
    <error message="Session ID is null. Using WebDriver after calling quit()?
Build info: version: &#039;4.48.0&#039;, revision: &#039;27f5213 27f5213055e28398a5105b7892b7a3bb2012a6ef&#039;
System info: os.name: &#039;Windows 11&#039;, os.arch: &#039;amd64&#039;, os.version: &#039;10.0&#039;, java.version: &#039;21.0.11&#039;
Driver info: org.openqa.selenium.chrome.ChromeDriver
Command: [null, getTitle {}]
Capabilities {acceptInsecureCerts: false, browserName: chrome, browserVersion: 152.0.7977.82, chrome: {chromedriverVersion: 152.0.7977.82 (d04cdb24d67b..., userDataDir: C:\Users\NISHAN~1\AppData\L...}, fedcm:accounts: true, goog:chromeOptions: {debuggerAddress: localhost:51477}, goog:processID: 632, networkConnectionEnabled: false, pageLoadStrategy: normal, platformName: windows, proxy: Proxy(), se:cdp: ws://localhost:51477/devtoo..., se:cdpVersion: 152.0.7977.82, setWindowRect: true, strictFileInteractability: false, timeouts: {implicit: 0, pageLoad: 300000, script: 30000}, unhandledPromptBehavior: dismiss and notify, webauthn:extension:credBlob: true, webauthn:extension:largeBlob: true, webauthn:extension:minPinLength: true, webauthn:extension:prf: true, webauthn:virtualAuthenticators: true}" type="org.openqa.selenium.NoSuchSessionException">
      <![CDATA[org.openqa.selenium.NoSuchSessionException: Session ID is null. Using WebDriver after calling quit()?
Build info: version: '4.48.0', revision: '27f5213 27f5213055e28398a5105b7892b7a3bb2012a6ef'
System info: os.name: 'Windows 11', os.arch: 'amd64', os.version: '10.0', java.version: '21.0.11'
Driver info: org.openqa.selenium.chrome.ChromeDriver
Command: [null, getTitle {}]
Capabilities {acceptInsecureCerts: false, browserName: chrome, browserVersion: 152.0.7977.82, chrome: {chromedriverVersion: 152.0.7977.82 (d04cdb24d67b..., userDataDir: C:\Users\NISHAN~1\AppData\L...}, fedcm:accounts: true, goog:chromeOptions: {debuggerAddress: localhost:51477}, goog:processID: 632, networkConnectionEnabled: false, pageLoadStrategy: normal, platformName: windows, proxy: Proxy(), se:cdp: ws://localhost:51477/devtoo..., se:cdpVersion: 152.0.7977.82, setWindowRect: true, strictFileInteractability: false, timeouts: {implicit: 0, pageLoad: 300000, script: 30000}, unhandledPromptBehavior: dismiss and notify, webauthn:extension:credBlob: true, webauthn:extension:largeBlob: true, webauthn:extension:minPinLength: true, webauthn:extension:prf: true, webauthn:virtualAuthenticators: true}
at org.openqa.selenium.remote.HttpCommandExecutor.execute(HttpCommandExecutor.java:161)
at org.openqa.selenium.remote.service.DriverCommandExecutor.invokeExecute(DriverCommandExecutor.java:217)
at org.openqa.selenium.remote.service.DriverCommandExecutor.execute(DriverCommandExecutor.java:175)
at org.openqa.selenium.remote.RemoteWebDriver.execute(RemoteWebDriver.java:653)
at org.openqa.selenium.remote.RemoteWebDriver.execute(RemoteWebDriver.java:735)
at org.openqa.selenium.remote.RemoteWebDriver.execute(RemoteWebDriver.java:739)
at org.openqa.selenium.remote.RemoteWebDriver.getTitle(RemoteWebDriver.java:367)
at Vinominds.SelinumProject.TestNG.login1(TestNG.java:64)
at java.base/jdk.internal.reflect.DirectMethodHandleAccessor.invoke(DirectMethodHandleAccessor.java:103)
at java.base/java.lang.reflect.Method.invoke(Method.java:580)
at org.testng.internal.invokers.MethodInvocationHelper.invokeMethod(MethodInvocationHelper.java:141)
at org.testng.internal.invokers.TestInvoker.invokeMethod(TestInvoker.java:697)
at org.testng.internal.invokers.TestInvoker.invokeTestMethod(TestInvoker.java:230)
at org.testng.internal.invokers.MethodRunner.runInSequence(MethodRunner.java:63)
at org.testng.internal.invokers.TestInvoker$MethodInvocationAgent.invoke(TestInvoker.java:1005)
at org.testng.internal.invokers.TestInvoker.invokeTestMethods(TestInvoker.java:203)
at org.testng.internal.invokers.TestMethodWorker.invokeTestMethods(TestMethodWorker.java:154)
at org.testng.internal.invokers.TestMethodWorker.run(TestMethodWorker.java:134)
at java.base/java.util.concurrent.Executors$RunnableAdapter.call(Executors.java:572)
at java.base/java.util.concurrent.FutureTask.run(FutureTask.java:317)
at org.testng.internal.thread.graph.TestNGFutureTask.run(TestNGFutureTask.java:22)
at java.base/java.util.concurrent.ThreadPoolExecutor.runWorker(ThreadPoolExecutor.java:1144)
at java.base/java.util.concurrent.ThreadPoolExecutor$Worker.run(ThreadPoolExecutor.java:642)
at java.base/java.lang.Thread.run(Thread.java:1583)
]]>
    </error>
  </testcase> <!-- login1 -->
  <testcase classname="Vinominds.SelinumProject.TestNG" name="validUsername1" time="0.004"/>
  <testcase classname="Vinominds.SelinumProject.TestNG" name="validPassword1" time="0.003"/>
  <testcase classname="Vinominds.SelinumProject.TestNG" name="exit1" time="0.003"/>
  <testcase classname="Vinominds.SelinumProject.TestNG" name="launch2" time="2.418"/>
  <testcase classname="Vinominds.SelinumProject.TestNG" name="login2" time="0.054"/>
  <testcase classname="Vinominds.SelinumProject.TestNG" name="validUsername2" time="0.002"/>
  <testcase classname="Vinominds.SelinumProject.TestNG" name="validPassword2" time="0.005"/>
  <testcase classname="Vinominds.SelinumProject.TestNG" name="exit2" time="0.793"/>
  <testcase classname="Vinominds.SelinumProject.TestNG" name="launch3" time="1.645"/>
  <testcase classname="Vinominds.SelinumProject.TestNG" name="login3" time="0.015"/>
  <testcase classname="Vinominds.SelinumProject.TestNG" name="validUsername3" time="0.000"/>
  <testcase classname="Vinominds.SelinumProject.TestNG" name="validPassword3" time="0.002"/>
  <testcase classname="Vinominds.SelinumProject.TestNG" name="exit3" time="1.843"/>
</testsuite> <!-- Vinominds.SelinumProject.TestNG -->
