<?xml version="1.0" encoding="UTF-8"?>
<!-- Generated by org.testng.reporters.JUnitReportReporter -->
<testsuite hostname="LAPTOP-AFF6VUQA" failures="0" tests="5" name="Vinominds.SelinumProject.LabtestNG" time="23.560" errors="0" timestamp="2026-09-07T09:59:36 IST" skipped="0">
  <testcase classname="Vinominds.SelinumProject.LabtestNG" name="launch" time="5.208"/>
  <testcase classname="Vinominds.SelinumProject.LabtestNG" name="login" time="7.915"/>
  <testcase classname="Vinominds.SelinumProject.LabtestNG" name="validUsername" time="2.004"/>
  <testcase classname="Vinominds.SelinumProject.LabtestNG" name="validPassword" time="2.011"/>
  <testcase classname="Vinominds.SelinumProject.LabtestNG" name="exit" time="6.422"/>
</testsuite> <!-- Vinominds.SelinumProject.LabtestNG -->
