<?xml version="1.0" encoding="UTF-8"?>
<!-- Generated by org.testng.reporters.JUnitReportReporter -->
<testsuite hostname="LAPTOP-AFF6VUQA" failures="0" tests="3" name="Vinominds.SelinumProject.Dataprovider_Json" time="5.523" errors="0" timestamp="2026-09-07T09:57:57 IST" skipped="0">
  <testcase classname="Vinominds.SelinumProject.Dataprovider_Json" name="ValidUsername_Password" time="5.185"/>
  <testcase classname="Vinominds.SelinumProject.Dataprovider_Json" name="ValidUsername_Password" time="0.193"/>
  <testcase classname="Vinominds.SelinumProject.Dataprovider_Json" name="ValidUsername_Password" time="0.145"/>
</testsuite> <!-- Vinominds.SelinumProject.Dataprovider_Json -->
