<?xml version="1.0" encoding="UTF-8"?>
<!-- Generated by org.testng.reporters.JUnitReportReporter -->
<testsuite hostname="LAPTOP-AFF6VUQA" failures="0" tests="3" name="Vinominds.SelinumProject.Alerts_popup" time="23.748" errors="0" timestamp="2026-08-20T19:59:43 IST" skipped="0">
  <testcase classname="Vinominds.SelinumProject.Alerts_popup" name="promptTest" time="9.689"/>
  <testcase classname="Vinominds.SelinumProject.Alerts_popup" name="confirmTest" time="6.851"/>
  <testcase classname="Vinominds.SelinumProject.Alerts_popup" name="alertTest" time="7.208"/>
</testsuite> <!-- Vinominds.SelinumProject.Alerts_popup -->
