<?xml version="1.0" encoding="UTF-8"?>
<!-- Generated by org.testng.reporters.JUnitReportReporter -->
<testsuite hostname="LAPTOP-AFF6VUQA" failures="0" tests="4" name="Vinominds.SelinumProject.Parallel_view_TG" time="15.092" errors="0" timestamp="2026-09-07T09:59:36 IST" skipped="0">
  <testcase classname="Vinominds.SelinumProject.Parallel_view_TG" name="sauceDemoURL" time="2.202"/>
  <testcase classname="Vinominds.SelinumProject.Parallel_view_TG" name="automationPracticeURL" time="7.395"/>
  <testcase classname="Vinominds.SelinumProject.Parallel_view_TG" name="flipkartURL" time="3.336"/>
  <testcase classname="Vinominds.SelinumProject.Parallel_view_TG" name="redbusURL" time="2.159"/>
</testsuite> <!-- Vinominds.SelinumProject.Parallel_view_TG -->
