<?xml version="1.0" encoding="UTF-8"?>
<!-- Generated by org.testng.reporters.JUnitReportReporter -->
<testsuite hostname="LAPTOP-AFF6VUQA" failures="0" tests="6" name="Vinominds.SelinumProject.AllBA_TG1" time="100.203" errors="0" timestamp="2026-09-02T20:36:21 IST" skipped="0">
  <testcase classname="Vinominds.SelinumProject.AllBA_TG1" name="standardUser" time="18.495"/>
  <testcase classname="Vinominds.SelinumProject.AllBA_TG1" name="lockedOutUser" time="5.846"/>
  <testcase classname="Vinominds.SelinumProject.AllBA_TG1" name="problemUser" time="24.424"/>
  <testcase classname="Vinominds.SelinumProject.AllBA_TG1" name="performanceGlitchUser" time="15.051"/>
  <testcase classname="Vinominds.SelinumProject.AllBA_TG1" name="errorUser" time="18.110"/>
  <testcase classname="Vinominds.SelinumProject.AllBA_TG1" name="visualUser" time="18.277"/>
</testsuite> <!-- Vinominds.SelinumProject.AllBA_TG1 -->
