<?xml version="1.0" encoding="UTF-8"?>
<!-- Generated by org.testng.reporters.JUnitReportReporter -->
<testsuite hostname="LAPTOP-AFF6VUQA" failures="0" tests="3" name="Vinominds.SelinumProject.Sample_popup2" time="29.915" errors="0" timestamp="2026-08-22T09:52:11 IST" skipped="0">
  <testcase classname="Vinominds.SelinumProject.Sample_popup2" name="confirmTest" time="11.824"/>
  <testcase classname="Vinominds.SelinumProject.Sample_popup2" name="alertTest" time="7.991"/>
  <testcase classname="Vinominds.SelinumProject.Sample_popup2" name="promptTest" time="10.100"/>
</testsuite> <!-- Vinominds.SelinumProject.Sample_popup2 -->
