<?xml version="1.0" encoding="UTF-8"?>
<!-- Generated by org.testng.reporters.JUnitReportReporter -->
<testsuite hostname="LAPTOP-AFF6VUQA" failures="0" tests="4" name="Vinominds.SelinumProject.S2_grouping" time="9.274" errors="0" timestamp="2026-08-25T17:23:17 IST" skipped="0">
  <testcase classname="Vinominds.SelinumProject.S2_grouping" name="emptyUsernameTest" time="1.816"/>
  <testcase classname="Vinominds.SelinumProject.S2_grouping" name="invalidLoginTest" time="1.847"/>
  <testcase classname="Vinominds.SelinumProject.S2_grouping" name="pongalTest" time="2.704"/>
  <testcase classname="Vinominds.SelinumProject.S2_grouping" name="validLoginTest" time="2.907"/>
</testsuite> <!-- Vinominds.SelinumProject.S2_grouping -->
