<?xml version="1.0" encoding="UTF-8"?>
<!-- Generated by org.testng.reporters.JUnitReportReporter -->
<testsuite hostname="LAPTOP-AFF6VUQA" failures="0" tests="6" name="Vinominds.SelinumProject.S1_Grouping" time="0.031" errors="0" timestamp="2026-09-07T10:03:08 IST" skipped="0">
  <testcase classname="Vinominds.SelinumProject.S1_Grouping" name="logoutTest" time="0.003"/>
  <testcase classname="Vinominds.SelinumProject.S1_Grouping" name="searchTest" time="0.002"/>
  <testcase classname="Vinominds.SelinumProject.S1_Grouping" name="paymentTest" time="0.005"/>
  <testcase classname="Vinominds.SelinumProject.S1_Grouping" name="productTest" time="0.003"/>
  <testcase classname="Vinominds.SelinumProject.S1_Grouping" name="loginTest" time="0.016"/>
  <testcase classname="Vinominds.SelinumProject.S1_Grouping" name="refundTest" time="0.002"/>
</testsuite> <!-- Vinominds.SelinumProject.S1_Grouping -->
