<?xml version="1.0" encoding="UTF-8"?>
<!-- Generated by org.testng.reporters.JUnitReportReporter -->
<testsuite hostname="LAPTOP-AFF6VUQA" failures="0" tests="6" name="Vinominds.SelinumProject.AllBA_TG1" time="356.476" errors="0" timestamp="2026-09-08T09:48:55 IST" skipped="0">
  <testcase classname="Vinominds.SelinumProject.AllBA_TG1" name="standardUser" time="68.648"/>
  <testcase classname="Vinominds.SelinumProject.AllBA_TG1" name="lockedOutUser" time="6.039"/>
  <testcase classname="Vinominds.SelinumProject.AllBA_TG1" name="problemUser" time="69.158"/>
  <testcase classname="Vinominds.SelinumProject.AllBA_TG1" name="performanceGlitchUser" time="73.100"/>
  <testcase classname="Vinominds.SelinumProject.AllBA_TG1" name="errorUser" time="67.839"/>
  <testcase classname="Vinominds.SelinumProject.AllBA_TG1" name="visualUser" time="71.692"/>
</testsuite> <!-- Vinominds.SelinumProject.AllBA_TG1 -->
