<?xml version="1.0" encoding="UTF-8"?>
<!-- Generated by org.testng.reporters.JUnitXMLReporter -->
<testsuite ignored="3" hostname="LAPTOP-AFF6VUQA" failures="0" tests="1" name="Pongal Tests" time="0.011" errors="0" timestamp="2026-08-25T16:48:29 IST">
  <testcase classname="Vinominds.SelinumProject.S2_grouping" name="pongalTest" time="0.0">
    <skipped/>
  </testcase> <!-- pongalTest -->
  <testcase classname="Vinominds.SelinumProject.S2_grouping" name="emptyUsernameTest" time="0.0">
    <ignored/>
  </testcase> <!-- emptyUsernameTest -->
  <testcase classname="Vinominds.SelinumProject.S2_grouping" name="invalidLoginTest" time="0.0">
    <ignored/>
  </testcase> <!-- invalidLoginTest -->
  <testcase classname="Vinominds.SelinumProject.S2_grouping" name="validLoginTest" time="0.0">
    <ignored/>
  </testcase> <!-- validLoginTest -->
</testsuite> <!-- Pongal Tests -->
