<?xml version="1.0" encoding="UTF-8"?>
<!-- Generated by org.testng.reporters.JUnitXMLReporter -->
<testsuite ignored="3" hostname="LAPTOP-AFF6VUQA" failures="0" tests="1" name="Smoke Tests" time="0.105" errors="0" timestamp="2026-08-25T16:48:28 IST">
  <testcase classname="Vinominds.SelinumProject.S2_grouping" name="@BeforeMethod setUp" time="0.038">
    <failure type="java.lang.IllegalStateException" message="The path to the driver executable must be set by the webdriver.chrome.driver system property; for more information, see https://github.com/SeleniumHQ/selenium/wiki/ChromeDriver. The latest version can be downloaded from http://chromedriver.storage.googleapis.com/index.html">
      <![CDATA[java.lang.IllegalStateException: The path to the driver executable must be set by the webdriver.chrome.driver system property; for more information, see https://github.com/SeleniumHQ/selenium/wiki/ChromeDriver. The latest version can be downloaded from http://chromedriver.storage.googleapis.com/index.html
at com.google.common.base.Preconditions.checkState(Preconditions.java:754)
at org.openqa.selenium.remote.service.DriverService.findExecutable(DriverService.java:124)
at org.openqa.selenium.chrome.ChromeDriverService.access$000(ChromeDriverService.java:32)
at org.openqa.selenium.chrome.ChromeDriverService$Builder.findDefaultExecutable(ChromeDriverService.java:137)
at org.openqa.selenium.remote.service.DriverService$Builder.build(DriverService.java:329)
at org.openqa.selenium.chrome.ChromeDriverService.createDefaultService(ChromeDriverService.java:88)
at org.openqa.selenium.chrome.ChromeDriver.<init>(ChromeDriver.java:123)
at Vinominds.SelinumProject.S2_grouping.setUp(S2_grouping.java:17)
at java.base/java.util.ArrayList.forEach(ArrayList.java:1596)
... Removed 29 stack frames]]>
    </failure>
  </testcase> <!-- @BeforeMethod setUp -->
  <testcase classname="Vinominds.SelinumProject.S2_grouping" name="validLoginTest" time="0.0">
    <skipped/>
  </testcase> <!-- validLoginTest -->
  <testcase classname="Vinominds.SelinumProject.S2_grouping" name="invalidLoginTest" time="0.0">
    <ignored/>
  </testcase> <!-- invalidLoginTest -->
  <testcase classname="Vinominds.SelinumProject.S2_grouping" name="pongalTest" time="0.0">
    <ignored/>
  </testcase> <!-- pongalTest -->
  <testcase classname="Vinominds.SelinumProject.S2_grouping" name="emptyUsernameTest" time="0.0">
    <ignored/>
  </testcase> <!-- emptyUsernameTest -->
</testsuite> <!-- Smoke Tests -->
